time=2024-08-26T18:13:17.700+05:00 level=ERROR msg="DeleteUserga malumot yuborishda xatolik" error="rpc error: code = Unknown desc = unsupported operation"
time=2024-09-05T19:19:41.046+05:00 level=INFO msg="API Gateway started successfully!"
time=2024-09-05T19:19:43.744+05:00 level=ERROR msg="Error dropping Casbin database" error="dial tcp: lookup postgres3: no such host"
time=2024-09-05T19:19:43.744+05:00 level=ERROR msg="Error initializing enforcer" error="dial tcp: lookup postgres3: no such host"
time=2024-09-05T19:26:45.512+05:00 level=INFO msg="API Gateway started successfully!"
time=2024-09-05T19:26:48.219+05:00 level=ERROR msg="Error dropping Casbin database" error="dial tcp: lookup postgres3: no such host"
time=2024-09-05T19:26:48.219+05:00 level=ERROR msg="Error initializing enforcer" error="dial tcp: lookup postgres3: no such host"
time=2024-09-05T19:27:32.514+05:00 level=INFO msg="API Gateway started successfully!"
time=2024-09-05T19:27:32.567+05:00 level=ERROR msg="Error dropping Casbin database" error="pq: password authentication failed for user \"postgres\""
time=2024-09-05T19:27:32.567+05:00 level=ERROR msg="Error initializing enforcer" error="pq: password authentication failed for user \"postgres\""
time=2024-09-05T19:27:53.732+05:00 level=INFO msg="API Gateway started successfully!"
time=2024-09-06T18:25:48.789+05:00 level=INFO msg="API Gateway started successfully!"
time=2024-09-06T18:25:51.492+05:00 level=ERROR msg="Error dropping Casbin database" error="dial tcp: lookup postgres3: no such host"
time=2024-09-06T18:25:51.493+05:00 level=ERROR msg="Error initializing enforcer" error="dial tcp: lookup postgres3: no such host"
time=2024-09-06T18:26:23.949+05:00 level=INFO msg="API Gateway started successfully!"
time=2024-09-06T18:27:05.332+05:00 level=INFO msg="API Gateway started successfully!"
time=2024-09-06T18:43:02.094+05:00 level=INFO msg="API Gateway started successfully!"
time=2024-09-06T18:43:04.799+05:00 level=ERROR msg="Error dropping Casbin database" error="dial tcp: lookup postgres3: no such host"
time=2024-09-06T18:43:04.799+05:00 level=ERROR msg="Error initializing enforcer" error="dial tcp: lookup postgres3: no such host"
time=2024-09-06T18:43:36.762+05:00 level=INFO msg="API Gateway started successfully!"
time=2024-09-06T18:48:25.624+05:00 level=INFO msg="API Gateway started successfully!"
time=2024-09-06T18:51:06.958+05:00 level=INFO msg="API Gateway started successfully!"
time=2024-09-06T18:52:57.123+05:00 level=INFO msg="API Gateway started successfully!"
time=2024-09-06T18:54:54.083+05:00 level=INFO msg="API Gateway started successfully!"
time=2024-09-06T18:58:51.513+05:00 level=INFO msg="API Gateway started successfully!"
time=2024-09-06T18:59:54.711+05:00 level=INFO msg="API Gateway started successfully!"
time=2024-09-06T19:02:02.304+05:00 level=INFO msg="API Gateway started successfully!"
time=2024-09-06T19:03:53.258+05:00 level=INFO msg="API Gateway started successfully!"
time=2024-09-06T19:04:42.083+05:00 level=INFO msg="API Gateway started successfully!"
time=2024-09-06T19:06:47.593+05:00 level=INFO msg="API Gateway started successfully!"
time=2024-09-06T19:06:52.905+05:00 level=ERROR msg="User ID not found in context"
time=2024-09-06T19:08:55.822+05:00 level=INFO msg="API Gateway started successfully!"
time=2024-09-06T19:09:04.978+05:00 level=ERROR msg="User ID not found in context"
time=2024-09-06T19:13:36.230+05:00 level=INFO msg="API Gateway started successfully!"
time=2024-09-06T19:13:45.204+05:00 level=ERROR msg="CreateDocument function have problems." error="rpc error: code = Unavailable desc = connection error: desc = \"transport: Error while dialing: dial tcp :3456: connectex: No connection could be made because the target machine actively refused it.\""
time=2024-09-06T19:20:41.286+05:00 level=ERROR msg="CreateDocument function have problems." error="rpc error: code = Unavailable desc = connection error: desc = \"error reading server preface: read tcp 127.0.0.1:61422->127.0.0.1:3456: wsarecv: An existing connection was forcibly closed by the remote host.\""
time=2024-09-06T19:20:48.649+05:00 level=ERROR msg="CreateDocument function have problems." error="rpc error: code = Unavailable desc = connection error: desc = \"error reading server preface: read tcp 127.0.0.1:61422->127.0.0.1:3456: wsarecv: An existing connection was forcibly closed by the remote host.\""
time=2024-09-06T19:21:22.035+05:00 level=INFO msg="API Gateway started successfully!"
time=2024-09-06T19:21:27.758+05:00 level=ERROR msg="CreateDocument function have problems." error="rpc error: code = Unimplemented desc = unknown service doccs.DocsService"
time=2024-09-06T19:23:55.621+05:00 level=ERROR msg="CreateDocument function have problems." error="rpc error: code = Unimplemented desc = unknown service doccs.DocsService"
time=2024-09-06T19:31:01.960+05:00 level=ERROR msg="CreateDocument function have problems." error="rpc error: code = Unimplemented desc = unknown service doccs.DocsService"
time=2024-09-06T19:31:39.307+05:00 level=INFO msg="API Gateway started successfully!"
time=2024-09-06T19:32:51.304+05:00 level=ERROR msg="CreateDocument function have problems." error="rpc error: code = Unimplemented desc = unknown service doccs.DocsService"
time=2024-09-06T19:34:10.214+05:00 level=ERROR msg="CreateDocument function have problems." error="rpc error: code = Unavailable desc = connection error: desc = \"transport: Error while dialing: dial tcp :3456: connectex: No connection could be made because the target machine actively refused it.\""
